<?xml version="1.0" encoding="UTF-8"?>
<testsuite name="ru.netology.web.test.MoneyTransferTest" tests="1" skipped="0" failures="0" errors="0" timestamp="2020-02-04T19:55:40" hostname="DESKTOP-O0R04CG" time="36.265">
  <properties/>
  <testcase name="shouldTransferMoneyBetweenOwnCardsV2()" classname="ru.netology.web.test.MoneyTransferTest" time="36.265"/>
  <system-out><![CDATA[]]></system-out>
  <system-err><![CDATA[фев 04, 2020 11:55:40 PM com.codeborne.selenide.drivercommands.LazyDriver getAndCheckWebDriver
INFO: No webdriver is bound to current thread: 10 - let's create a new webdriver
SLF4J: Failed to load class "org.slf4j.impl.StaticLoggerBinder".
SLF4J: Defaulting to no-operation (NOP) logger implementation
SLF4J: See http://www.slf4j.org/codes.html#StaticLoggerBinder for further details.
Starting ChromeDriver 79.0.3945.36 (3582db32b33893869b8c1339e8f4d9ed1816f143-refs/branch-heads/3945@{#614}) on port 3885
Only local connections are allowed.
Please protect ports used by ChromeDriver and related test frameworks to prevent access by malicious code.
[1580846160.139][WARNING]: Timed out connecting to Chrome, retrying...
фев 04, 2020 11:56:02 PM org.openqa.selenium.remote.ProtocolHandshake createSession
INFO: Detected dialect: W3C
фев 04, 2020 11:56:02 PM com.codeborne.selenide.webdriver.BrowserResizer adjustBrowserSize
INFO: Set browser size to 1366x768
[1580846164.484][WARNING]: Timed out connecting to Chrome, retrying...
фев 04, 2020 11:56:06 PM com.codeborne.selenide.webdriver.WebDriverFactory logBrowserVersion
INFO: BrowserName=chrome Version=79.0.3945.130 Platform=WINDOWS
фев 04, 2020 11:56:06 PM com.codeborne.selenide.webdriver.WebDriverFactory createWebDriver
INFO: Selenide v. 5.3.1
фев 04, 2020 11:56:06 PM com.codeborne.selenide.webdriver.WebDriverFactory logSeleniumInfo
INFO: Selenium WebDriver v. 3.141.59 build time: 2018-11-14T08:17:03
фев 04, 2020 11:56:06 PM com.codeborne.selenide.drivercommands.CreateDriverCommand createDriver
INFO: Create webdriver in current thread 10: ChromeDriver -> ChromeDriver: chrome on WINDOWS (77066b6479f470abc0a5be4c9d81a324)
]]></system-err>
</testsuite>
